<?xml version="1.0" encoding="UTF-8"?>
<!-- Generated by org.testng.reporters.JUnitReportReporter -->
<testsuite skipped="0" hostname="Bobs-MBP.fios-router.home" name="com.qa.gorest.tests.UpdateUserAPITest" tests="2" failures="0" timestamp="15 Nov 2019 23:23:28 GMT" time="8.052" errors="0">
  <testcase name="createUserAPIPUTTest_WithSetter" time="2.654" classname="com.qa.gorest.tests.UpdateUserAPITest"/>
  <testcase name="createUserAPIPUTTest_WithConstructor" time="5.398" classname="com.qa.gorest.tests.UpdateUserAPITest"/>
</testsuite> <!-- com.qa.gorest.tests.UpdateUserAPITest -->
