<?xml version="1.0" encoding="UTF-8"?>
<!-- Generated by org.testng.reporters.JUnitReportReporter -->
<testsuite skipped="0" hostname="Bobs-MBP.fios-router.home" name="com.qa.gorest.tests.UpdateUserAPITest" tests="2" failures="0" timestamp="19 Nov 2019 15:36:41 GMT" time="8.596" errors="0">
  <testcase name="createUserAPIPUTTest_WithConstructor" time="5.982" classname="com.qa.gorest.tests.UpdateUserAPITest"/>
  <testcase name="createUserAPIPUTTest_WithSetter" time="2.614" classname="com.qa.gorest.tests.UpdateUserAPITest"/>
</testsuite> <!-- com.qa.gorest.tests.UpdateUserAPITest -->
