<?xml version="1.0" encoding="UTF-8"?>
<!-- Generated by org.testng.reporters.JUnitReportReporter -->
<testsuite skipped="0" hostname="Naveen-Mac.local" name="com.qa.gorest.tests.GetUserAPITest" tests="1" failures="0" timestamp="29 Aug 2019 03:41:34 GMT" time="2.635" errors="0">
  <testcase name="getUserListAPITest" time="2.635" classname="com.qa.gorest.tests.GetUserAPITest"/>
</testsuite> <!-- com.qa.gorest.tests.GetUserAPITest -->
